[2025-02-18 18:28:39.962] [info] Using configuration file /etc/xdg/waybar/config.jsonc
[2025-02-18 18:28:39.965] [info] Unable to receive desktop appearance: GDBus.Error:org.freedesktop.DBus.Error.UnknownMethod: Nenhuma interface “org.freedesktop.portal.Settings” no objeto no caminho /org/freedesktop/portal/desktop
[2025-02-18 18:28:39.965] [info] Using CSS file /etc/xdg/waybar/style.css
[2025-02-18 18:28:39.976] [warning] module sway/workspaces: Disabling module "sway/workspaces", Socket path is empty
[2025-02-18 18:28:39.980] [warning] module sway/mode: Disabling module "sway/mode", Socket path is empty
[2025-02-18 18:28:39.983] [warning] module sway/scratchpad: Disabling module "sway/scratchpad", Socket path is empty
[2025-02-18 18:28:39.989] [error] media stopped unexpectedly, is it endless?
[2025-02-18 18:28:39.990] [warning] module sway/window: Disabling module "sway/window", Socket path is empty
[2025-02-18 18:28:39.992] [warning] module temperature: Disabling module "temperature", Can't open /sys/class/thermal/thermal_zone0/temp
[2025-02-18 18:28:39.995] [warning] Can't open /dev/input/event13 (are you in the input group?): EACCES Permissão negada
[2025-02-18 18:28:39.995] [warning] Can't open /dev/input/mouse0 (are you in the input group?): EACCES Permissão negada
[2025-02-18 18:28:39.995] [warning] Can't open /dev/input/event4 (are you in the input group?): EACCES Permissão negada
[2025-02-18 18:28:39.995] [warning] Can't open /dev/input/event12 (are you in the input group?): EACCES Permissão negada
[2025-02-18 18:28:39.995] [warning] Can't open /dev/input/event11 (are you in the input group?): EACCES Permissão negada
[2025-02-18 18:28:39.995] [warning] Can't open /dev/input/event10 (are you in the input group?): EACCES Permissão negada
[2025-02-18 18:28:39.995] [warning] Can't open /dev/input/mouse2 (are you in the input group?): EACCES Permissão negada
[2025-02-18 18:28:39.995] [warning] Can't open /dev/input/event9 (are you in the input group?): EACCES Permissão negada
[2025-02-18 18:28:39.995] [warning] Can't open /dev/input/mouse1 (are you in the input group?): EACCES Permissão negada
[2025-02-18 18:28:39.995] [warning] Can't open /dev/input/event8 (are you in the input group?): EACCES Permissão negada
[2025-02-18 18:28:39.995] [warning] Can't open /dev/input/event7 (are you in the input group?): EACCES Permissão negada
[2025-02-18 18:28:39.995] [warning] Can't open /dev/input/event6 (are you in the input group?): EACCES Permissão negada
[2025-02-18 18:28:39.995] [warning] Can't open /dev/input/mice (are you in the input group?): EACCES Permissão negada
[2025-02-18 18:28:39.995] [warning] Can't open /dev/input/event5 (are you in the input group?): EACCES Permissão negada
[2025-02-18 18:28:39.995] [warning] Can't open /dev/input/event3 (are you in the input group?): EACCES Permissão negada
[2025-02-18 18:28:39.995] [warning] Can't open /dev/input/event2 (are you in the input group?): EACCES Permissão negada
[2025-02-18 18:28:39.995] [warning] Can't open /dev/input/event1 (are you in the input group?): EACCES Permissão negada
[2025-02-18 18:28:39.995] [warning] Can't open /dev/input/event0 (are you in the input group?): EACCES Permissão negada
[2025-02-18 18:28:39.995] [warning] module keyboard-state: Disabling module "keyboard-state", Failed to find keyboard device: EACCES Permissão negada
[2025-02-18 18:28:39.998] [warning] module sway/language: Disabling module "sway/language", Socket path is empty
[2025-02-18 18:28:39.999] [warning] No battery named BAT2
[2025-02-18 18:28:39.999] [warning] Error while creating the menu : Failed to expand file: $HOME/.config/waybar/power_menu.xml. Menu popup not activated.
[2025-02-18 18:28:40.112] [error] Failed to query power-profiles-daemon via dbus: GDBus.Error:org.freedesktop.DBus.Error.ServiceUnknown: The name is not activatable
[2025-02-18 18:28:40.190] [info] Bar configured (width: 1920, height: 30) for output: eDP-1
[2025-02-18 18:28:43.372] [info] Quitting.
